* 36dc440 was Yudi Purwanto, 2 minutes ago, message: 2017-02-12
* 77ae790 was Yudi Purwanto, 9 minutes ago, message: 2017-02-12
* a8f5d44 was Yudi Purwanto, 10 minutes ago, message: 2017-02-12
* a3cb6f0 was Yudi Purwanto, 16 minutes ago, message: 2017-02-12
* d519f8a was root, 35 minutes ago, message: 2017-02-12
*   495ad71 was Yudi Purwanto, 75 minutes ago, message: Merge branch 'master' of github.com:zhiephie/github-trending
|\  
| * df91c1d was Yudi Purwanto, 81 minutes ago, message: 2017-02-12
* | 9576d20 was Yudi Purwanto, 75 minutes ago, message: ea
|/  
*   57b8886 was Yudi Purwanto, 7 days ago, message: 2017-02-06
|\  
| * db214b0 was Yudi Purwanto, 7 days ago, message: 2017-02-06
| *   39be57c was Yudi Purwanto, 7 days ago, message: Merge branch 'master' of github.com:zhiephie/github-trending
| |\  
| * \   62621c7 was Yudi Purwanto, 8 days ago, message: Merge branch 'master' of github.com:zhiephie/github-trending
| |\ \  
| * | | fe7a72e was Yudi Purwanto, 8 days ago, message: update
* | | | cdc8730 was Yudi Purwanto, 7 days ago, message: 2017-02-06
| |_|/  
|/| |   
* | | 8f6168e was Yudi Purwanto, 7 days ago, message: 2017-02-06
| |/  
|/|   
* | 8ed77ad was Yudi Purwanto, 8 days ago, message: 2017-02-05
* | a4f91c7 was Yudi Purwanto, 8 days ago, message: 2017-02-05
* | 04032d2 was Yudi Purwanto, 8 days ago, message: 2017-02-05
* | 5055cc5 was Yudi Purwanto, 8 days ago, message: 2017-02-04
* | 9a53e8d was Yudi Purwanto, 8 days ago, message: 2017-02-05
* | 28b0df3 was Yudi Purwanto, 8 days ago, message: 2017-02-05
* | aee79f4 was Yudi Purwanto, 8 days ago, message: 2017-02-05
* | 8e3e78b was Yudi Purwanto, 8 days ago, message: 2017-02-05
|/  
* aa36127 was Yudi Purwanto, 8 days ago, message: 2017-02-05
* 76f6e20 was Yudi Purwanto, 8 days ago, message: 2017-02-05
* 5d9f058 was Yudi Purwanto, 8 days ago, message: Initial commit